app/build/intermediates/manifest_merge_blame_file/release/processReleaseMainManifest/manifest-merger-blame-release-report.txt
1<?xml version="1.0" encoding="utf-8"?>
2<manifest xmlns:android="http://schemas.android.com/apk/res/android"
3    package="com.triggerflow"
4    android:versionCode="7"
5    android:versionName="1.2.3" >
6
7    <uses-sdk
8        android:minSdkVersion="26"
9        android:targetSdkVersion="35" />
10
11    <uses-permission android:name="android.permission.INTERNET" />
11-->src/main/AndroidManifest.xml:5:5-67
11-->src/main/AndroidManifest.xml:5:22-64
12    <uses-permission android:name="android.permission.ACCESS_WIFI_STATE" />
12-->src/main/AndroidManifest.xml:6:5-76
12-->src/main/AndroidManifest.xml:6:22-73
13    <uses-permission android:name="android.permission.ACCESS_NETWORK_STATE" />
13-->src/main/AndroidManifest.xml:7:5-79
13-->src/main/AndroidManifest.xml:7:22-76
14
15    <!-- Required to read WiFi SSID on Android 8.1+ -->
16    <uses-permission android:name="android.permission.ACCESS_FINE_LOCATION" />
16-->src/main/AndroidManifest.xml:10:5-79
16-->src/main/AndroidManifest.xml:10:22-76
17    <uses-permission android:name="android.permission.ACCESS_COARSE_LOCATION" />
17-->src/main/AndroidManifest.xml:11:5-81
17-->src/main/AndroidManifest.xml:11:22-78
18    <uses-permission android:name="android.permission.FOREGROUND_SERVICE" />
18-->src/main/AndroidManifest.xml:13:5-77
18-->src/main/AndroidManifest.xml:13:22-74
19    <uses-permission android:name="android.permission.FOREGROUND_SERVICE_DATA_SYNC" />
19-->src/main/AndroidManifest.xml:14:5-87
19-->src/main/AndroidManifest.xml:14:22-84
20    <uses-permission android:name="android.permission.FOREGROUND_SERVICE_LOCATION" />
20-->src/main/AndroidManifest.xml:15:5-86
20-->src/main/AndroidManifest.xml:15:22-83
21    <uses-permission android:name="android.permission.POST_NOTIFICATIONS" />
21-->src/main/AndroidManifest.xml:16:5-77
21-->src/main/AndroidManifest.xml:16:22-74
22    <uses-permission android:name="com.wireguard.android.permission.CONTROL_TUNNELS" />
22-->src/main/AndroidManifest.xml:17:5-88
22-->src/main/AndroidManifest.xml:17:22-85
23    <uses-permission android:name="android.permission.RECEIVE_BOOT_COMPLETED" />
23-->src/main/AndroidManifest.xml:19:5-81
23-->src/main/AndroidManifest.xml:19:22-78
24    <uses-permission android:name="com.android.vending.BILLING" />
24-->[com.android.billingclient:billing-ktx:7.1.1] AndroidManifest.xml:9:5-67
24-->[com.android.billingclient:billing-ktx:7.1.1] AndroidManifest.xml:9:22-64
25
26    <queries>
26-->[com.android.billingclient:billing:7.1.1] AndroidManifest.xml:12:5-19:15
27        <intent>
27-->[com.android.billingclient:billing:7.1.1] AndroidManifest.xml:13:9-15:18
28            <action android:name="com.android.vending.billing.InAppBillingService.BIND" />
28-->[com.android.billingclient:billing:7.1.1] AndroidManifest.xml:14:13-91
28-->[com.android.billingclient:billing:7.1.1] AndroidManifest.xml:14:21-88
29        </intent>
30        <intent>
30-->[com.android.billingclient:billing:7.1.1] AndroidManifest.xml:16:9-18:18
31            <action android:name="com.google.android.apps.play.billingtestcompanion.BillingOverrideService.BIND" />
31-->[com.android.billingclient:billing:7.1.1] AndroidManifest.xml:17:13-116
31-->[com.android.billingclient:billing:7.1.1] AndroidManifest.xml:17:21-113
32        </intent>
33    </queries>
34
35    <permission
35-->[androidx.core:core:1.12.0] AndroidManifest.xml:22:5-24:47
36        android:name="com.triggerflow.DYNAMIC_RECEIVER_NOT_EXPORTED_PERMISSION"
36-->[androidx.core:core:1.12.0] AndroidManifest.xml:23:9-81
37        android:protectionLevel="signature" />
37-->[androidx.core:core:1.12.0] AndroidManifest.xml:24:9-44
38
39    <uses-permission android:name="com.triggerflow.DYNAMIC_RECEIVER_NOT_EXPORTED_PERMISSION" />
39-->[androidx.core:core:1.12.0] AndroidManifest.xml:26:5-97
39-->[androidx.core:core:1.12.0] AndroidManifest.xml:26:22-94
40
41    <application
41-->src/main/AndroidManifest.xml:21:5-69:19
42        android:allowBackup="true"
42-->src/main/AndroidManifest.xml:22:9-35
43        android:appComponentFactory="androidx.core.app.CoreComponentFactory"
43-->[androidx.core:core:1.12.0] AndroidManifest.xml:28:18-86
44        android:extractNativeLibs="false"
45        android:icon="@mipmap/ic_launcher"
45-->src/main/AndroidManifest.xml:23:9-43
46        android:label="@string/app_name"
46-->src/main/AndroidManifest.xml:25:9-41
47        android:roundIcon="@mipmap/ic_launcher_round"
47-->src/main/AndroidManifest.xml:24:9-54
48        android:supportsRtl="true"
48-->src/main/AndroidManifest.xml:26:9-35
49        android:theme="@style/Theme.TriggerFlow" >
49-->src/main/AndroidManifest.xml:27:9-49
50        <activity
50-->src/main/AndroidManifest.xml:30:9-37:20
51            android:name="com.triggerflow.MainActivity"
51-->src/main/AndroidManifest.xml:31:13-41
52            android:exported="true" >
52-->src/main/AndroidManifest.xml:32:13-36
53            <intent-filter>
53-->src/main/AndroidManifest.xml:33:13-36:29
54                <action android:name="android.intent.action.MAIN" />
54-->src/main/AndroidManifest.xml:34:17-69
54-->src/main/AndroidManifest.xml:34:25-66
55
56                <category android:name="android.intent.category.LAUNCHER" />
56-->src/main/AndroidManifest.xml:35:17-77
56-->src/main/AndroidManifest.xml:35:27-74
57            </intent-filter>
58        </activity>
59        <activity
59-->src/main/AndroidManifest.xml:39:9-41:40
60            android:name="com.triggerflow.PremiumActivity"
60-->src/main/AndroidManifest.xml:40:13-44
61            android:exported="false" />
61-->src/main/AndroidManifest.xml:41:13-37
62
63        <service
63-->src/main/AndroidManifest.xml:43:9-47:65
64            android:name="com.triggerflow.WifiMonitorService"
64-->src/main/AndroidManifest.xml:44:13-47
65            android:enabled="true"
65-->src/main/AndroidManifest.xml:45:13-35
66            android:exported="false"
66-->src/main/AndroidManifest.xml:46:13-37
67            android:foregroundServiceType="dataSync|location" />
67-->src/main/AndroidManifest.xml:47:13-62
68
69        <receiver
69-->src/main/AndroidManifest.xml:49:9-56:20
70            android:name="com.triggerflow.BootReceiver"
70-->src/main/AndroidManifest.xml:50:13-41
71            android:enabled="true"
71-->src/main/AndroidManifest.xml:51:13-35
72            android:exported="false" >
72-->src/main/AndroidManifest.xml:52:13-37
73            <intent-filter>
73-->src/main/AndroidManifest.xml:53:13-55:29
74                <action android:name="android.intent.action.BOOT_COMPLETED" />
74-->src/main/AndroidManifest.xml:54:17-79
74-->src/main/AndroidManifest.xml:54:25-76
75            </intent-filter>
76        </receiver>
77
78        <service
78-->src/main/AndroidManifest.xml:58:9-67:19
79            android:name="com.triggerflow.TriggerTileService"
79-->src/main/AndroidManifest.xml:59:13-47
80            android:exported="true"
80-->src/main/AndroidManifest.xml:63:13-36
81            android:icon="@drawable/ic_launcher_foreground"
81-->src/main/AndroidManifest.xml:61:13-60
82            android:label="@string/app_name"
82-->src/main/AndroidManifest.xml:60:13-45
83            android:permission="android.permission.BIND_QUICK_SETTINGS_TILE" >
83-->src/main/AndroidManifest.xml:62:13-77
84            <intent-filter>
84-->src/main/AndroidManifest.xml:64:13-66:29
85                <action android:name="android.service.quicksettings.action.QS_TILE" />
85-->src/main/AndroidManifest.xml:65:17-87
85-->src/main/AndroidManifest.xml:65:25-84
86            </intent-filter>
87        </service>
88
89        <provider
89-->[androidx.emoji2:emoji2:1.2.0] AndroidManifest.xml:24:9-32:20
90            android:name="androidx.startup.InitializationProvider"
90-->[androidx.emoji2:emoji2:1.2.0] AndroidManifest.xml:25:13-67
91            android:authorities="com.triggerflow.androidx-startup"
91-->[androidx.emoji2:emoji2:1.2.0] AndroidManifest.xml:26:13-68
92            android:exported="false" >
92-->[androidx.emoji2:emoji2:1.2.0] AndroidManifest.xml:27:13-37
93            <meta-data
93-->[androidx.emoji2:emoji2:1.2.0] AndroidManifest.xml:29:13-31:52
94                android:name="androidx.emoji2.text.EmojiCompatInitializer"
94-->[androidx.emoji2:emoji2:1.2.0] AndroidManifest.xml:30:17-75
95                android:value="androidx.startup" />
95-->[androidx.emoji2:emoji2:1.2.0] AndroidManifest.xml:31:17-49
96            <meta-data
96-->[androidx.lifecycle:lifecycle-process:2.7.0] AndroidManifest.xml:29:13-31:52
97                android:name="androidx.lifecycle.ProcessLifecycleInitializer"
97-->[androidx.lifecycle:lifecycle-process:2.7.0] AndroidManifest.xml:30:17-78
98                android:value="androidx.startup" />
98-->[androidx.lifecycle:lifecycle-process:2.7.0] AndroidManifest.xml:31:17-49
99            <meta-data
99-->[androidx.profileinstaller:profileinstaller:1.3.0] AndroidManifest.xml:29:13-31:52
100                android:name="androidx.profileinstaller.ProfileInstallerInitializer"
100-->[androidx.profileinstaller:profileinstaller:1.3.0] AndroidManifest.xml:30:17-85
101                android:value="androidx.startup" />
101-->[androidx.profileinstaller:profileinstaller:1.3.0] AndroidManifest.xml:31:17-49
102        </provider>
103
104        <meta-data
104-->[com.android.billingclient:billing:7.1.1] AndroidManifest.xml:22:9-24:37
105            android:name="com.google.android.play.billingclient.version"
105-->[com.android.billingclient:billing:7.1.1] AndroidManifest.xml:23:13-73
106            android:value="7.1.1" />
106-->[com.android.billingclient:billing:7.1.1] AndroidManifest.xml:24:13-34
107
108        <activity
108-->[com.android.billingclient:billing:7.1.1] AndroidManifest.xml:26:9-30:75
109            android:name="com.android.billingclient.api.ProxyBillingActivity"
109-->[com.android.billingclient:billing:7.1.1] AndroidManifest.xml:27:13-78
110            android:configChanges="keyboard|keyboardHidden|screenLayout|screenSize|orientation"
110-->[com.android.billingclient:billing:7.1.1] AndroidManifest.xml:28:13-96
111            android:exported="false"
111-->[com.android.billingclient:billing:7.1.1] AndroidManifest.xml:29:13-37
112            android:theme="@android:style/Theme.Translucent.NoTitleBar" />
112-->[com.android.billingclient:billing:7.1.1] AndroidManifest.xml:30:13-72
113        <activity
113-->[com.android.billingclient:billing:7.1.1] AndroidManifest.xml:31:9-35:75
114            android:name="com.android.billingclient.api.ProxyBillingActivityV2"
114-->[com.android.billingclient:billing:7.1.1] AndroidManifest.xml:32:13-80
115            android:configChanges="keyboard|keyboardHidden|screenLayout|screenSize|orientation"
115-->[com.android.billingclient:billing:7.1.1] AndroidManifest.xml:33:13-96
116            android:exported="false"
116-->[com.android.billingclient:billing:7.1.1] AndroidManifest.xml:34:13-37
117            android:theme="@android:style/Theme.Translucent.NoTitleBar" />
117-->[com.android.billingclient:billing:7.1.1] AndroidManifest.xml:35:13-72
118        <activity
118-->[com.google.android.gms:play-services-base:18.5.0] AndroidManifest.xml:5:9-173
119            android:name="com.google.android.gms.common.api.GoogleApiActivity"
119-->[com.google.android.gms:play-services-base:18.5.0] AndroidManifest.xml:5:19-85
120            android:exported="false"
120-->[com.google.android.gms:play-services-base:18.5.0] AndroidManifest.xml:5:146-170
121            android:theme="@android:style/Theme.Translucent.NoTitleBar" />
121-->[com.google.android.gms:play-services-base:18.5.0] AndroidManifest.xml:5:86-145
122
123        <meta-data
123-->[com.google.android.gms:play-services-basement:18.4.0] AndroidManifest.xml:6:9-122
124            android:name="com.google.android.gms.version"
124-->[com.google.android.gms:play-services-basement:18.4.0] AndroidManifest.xml:6:20-65
125            android:value="@integer/google_play_services_version" />
125-->[com.google.android.gms:play-services-basement:18.4.0] AndroidManifest.xml:6:66-119
126
127        <receiver
127-->[androidx.profileinstaller:profileinstaller:1.3.0] AndroidManifest.xml:34:9-52:20
128            android:name="androidx.profileinstaller.ProfileInstallReceiver"
128-->[androidx.profileinstaller:profileinstaller:1.3.0] AndroidManifest.xml:35:13-76
129            android:directBootAware="false"
129-->[androidx.profileinstaller:profileinstaller:1.3.0] AndroidManifest.xml:36:13-44
130            android:enabled="true"
130-->[androidx.profileinstaller:profileinstaller:1.3.0] AndroidManifest.xml:37:13-35
131            android:exported="true"
131-->[androidx.profileinstaller:profileinstaller:1.3.0] AndroidManifest.xml:38:13-36
132            android:permission="android.permission.DUMP" >
132-->[androidx.profileinstaller:profileinstaller:1.3.0] AndroidManifest.xml:39:13-57
133            <intent-filter>
133-->[androidx.profileinstaller:profileinstaller:1.3.0] AndroidManifest.xml:40:13-42:29
134                <action android:name="androidx.profileinstaller.action.INSTALL_PROFILE" />
134-->[androidx.profileinstaller:profileinstaller:1.3.0] AndroidManifest.xml:41:17-91
134-->[androidx.profileinstaller:profileinstaller:1.3.0] AndroidManifest.xml:41:25-88
135            </intent-filter>
136            <intent-filter>
136-->[androidx.profileinstaller:profileinstaller:1.3.0] AndroidManifest.xml:43:13-45:29
137                <action android:name="androidx.profileinstaller.action.SKIP_FILE" />
137-->[androidx.profileinstaller:profileinstaller:1.3.0] AndroidManifest.xml:44:17-85
137-->[androidx.profileinstaller:profileinstaller:1.3.0] AndroidManifest.xml:44:25-82
138            </intent-filter>
139            <intent-filter>
139-->[androidx.profileinstaller:profileinstaller:1.3.0] AndroidManifest.xml:46:13-48:29
140                <action android:name="androidx.profileinstaller.action.SAVE_PROFILE" />
140-->[androidx.profileinstaller:profileinstaller:1.3.0] AndroidManifest.xml:47:17-88
140-->[androidx.profileinstaller:profileinstaller:1.3.0] AndroidManifest.xml:47:25-85
141            </intent-filter>
142            <intent-filter>
142-->[androidx.profileinstaller:profileinstaller:1.3.0] AndroidManifest.xml:49:13-51:29
143                <action android:name="androidx.profileinstaller.action.BENCHMARK_OPERATION" />
143-->[androidx.profileinstaller:profileinstaller:1.3.0] AndroidManifest.xml:50:17-95
143-->[androidx.profileinstaller:profileinstaller:1.3.0] AndroidManifest.xml:50:25-92
144            </intent-filter>
145        </receiver>
146
147        <service
147-->[com.google.android.datatransport:transport-backend-cct:3.1.8] AndroidManifest.xml:28:9-34:19
148            android:name="com.google.android.datatransport.runtime.backends.TransportBackendDiscovery"
148-->[com.google.android.datatransport:transport-backend-cct:3.1.8] AndroidManifest.xml:29:13-103
149            android:exported="false" >
149-->[com.google.android.datatransport:transport-backend-cct:3.1.8] AndroidManifest.xml:30:13-37
150            <meta-data
150-->[com.google.android.datatransport:transport-backend-cct:3.1.8] AndroidManifest.xml:31:13-33:39
151                android:name="backend:com.google.android.datatransport.cct.CctBackendFactory"
151-->[com.google.android.datatransport:transport-backend-cct:3.1.8] AndroidManifest.xml:32:17-94
152                android:value="cct" />
152-->[com.google.android.datatransport:transport-backend-cct:3.1.8] AndroidManifest.xml:33:17-36
153        </service>
154        <service
154-->[com.google.android.datatransport:transport-runtime:3.1.8] AndroidManifest.xml:26:9-30:19
155            android:name="com.google.android.datatransport.runtime.scheduling.jobscheduling.JobInfoSchedulerService"
155-->[com.google.android.datatransport:transport-runtime:3.1.8] AndroidManifest.xml:27:13-117
156            android:exported="false"
156-->[com.google.android.datatransport:transport-runtime:3.1.8] AndroidManifest.xml:28:13-37
157            android:permission="android.permission.BIND_JOB_SERVICE" >
157-->[com.google.android.datatransport:transport-runtime:3.1.8] AndroidManifest.xml:29:13-69
158        </service>
159
160        <receiver
160-->[com.google.android.datatransport:transport-runtime:3.1.8] AndroidManifest.xml:32:9-34:40
161            android:name="com.google.android.datatransport.runtime.scheduling.jobscheduling.AlarmManagerSchedulerBroadcastReceiver"
161-->[com.google.android.datatransport:transport-runtime:3.1.8] AndroidManifest.xml:33:13-132
162            android:exported="false" />
162-->[com.google.android.datatransport:transport-runtime:3.1.8] AndroidManifest.xml:34:13-37
163    </application>
164
165</manifest>